<?xml version="1.0" encoding="UTF-8"?>
<testng-results ignored="0" total="1" passed="1" failed="0" skipped="0">
  <reporter-output>
  </reporter-output>
  <suite started-at="2020-03-11T21:02:29 GMT" name="Suite1" finished-at="2020-03-11T21:02:29 GMT" duration-ms="60">
    <groups>
    </groups>
    <test started-at="2020-03-11T21:02:29 GMT" name="test" finished-at="2020-03-11T21:02:29 GMT" duration-ms="60">
      <class name="test.SomeTest">
        <test-method signature="TC001()[pri:0, instance:test.SomeTest@534df152]" started-at="2020-03-11T21:02:29 GMT" name="TC001" finished-at="2020-03-11T21:02:29 GMT" duration-ms="6" status="PASS">
          <reporter-output>
          </reporter-output>
        </test-method> <!-- TC001 -->
        <test-method is-config="true" signature="TC002()[pri:0, instance:test.SomeTest@534df152]" started-at="2020-03-11T21:02:29 GMT" name="TC002" finished-at="2020-03-11T21:02:29 GMT" duration-ms="1" status="PASS">
          <reporter-output>
          </reporter-output>
        </test-method> <!-- TC002 -->
      </class> <!-- test.SomeTest -->
    </test> <!-- test -->
  </suite> <!-- Suite1 -->
</testng-results>
